<?xml version="1.0" encoding="UTF-8"?>
<testng-results skipped="0" failed="0" ignored="0" total="2" passed="2">
  <reporter-output>
  </reporter-output>
  <suite name="Default suite" duration-ms="18517" started-at="2021-12-27T04:30:42Z" finished-at="2021-12-27T04:31:00Z">
    <groups>
    </groups>
    <test name="Default test" duration-ms="18517" started-at="2021-12-27T04:30:42Z" finished-at="2021-12-27T04:31:00Z">
      <class name="mytests.HomePageTest">
        <test-method status="PASS" signature="setup()[pri:0, instance:mytests.HomePageTest@25bbe1b6]" name="setup" is-config="true" duration-ms="17268" started-at="2021-12-27T04:30:42Z" finished-at="2021-12-27T04:30:59Z">
          <reporter-output>
          </reporter-output>
        </test-method> <!-- setup -->
        <test-method status="PASS" signature="contactFooterTest()[pri:0, instance:mytests.HomePageTest@25bbe1b6]" name="contactFooterTest" duration-ms="161" started-at="2021-12-27T04:30:59Z" finished-at="2021-12-27T04:30:59Z">
          <reporter-output>
          </reporter-output>
        </test-method> <!-- contactFooterTest -->
        <test-method status="PASS" signature="headerTest()[pri:0, instance:mytests.HomePageTest@25bbe1b6]" name="headerTest" duration-ms="164" started-at="2021-12-27T04:30:59Z" finished-at="2021-12-27T04:31:00Z">
          <reporter-output>
          </reporter-output>
        </test-method> <!-- headerTest -->
        <test-method status="PASS" signature="tearDown()[pri:0, instance:mytests.HomePageTest@25bbe1b6]" name="tearDown" is-config="true" duration-ms="874" started-at="2021-12-27T04:31:00Z" finished-at="2021-12-27T04:31:00Z">
          <reporter-output>
          </reporter-output>
        </test-method> <!-- tearDown -->
      </class> <!-- mytests.HomePageTest -->
    </test> <!-- Default test -->
  </suite> <!-- Default suite -->
</testng-results>
